2021-03-04T00:09:36.584+0530 [DEBUG] [org.gradle.launcher.daemon.bootstrap.DaemonMain] Assuming the daemon was started with following jvm opts: [-Xmx1536M, -Dfile.encoding=UTF-8, -Duser.country=IN, -Duser.language=en, -Duser.variant]
2021-03-04T00:09:36.660+0530 [INFO] [org.gradle.launcher.daemon.server.Daemon] start() called on daemon - DefaultDaemonContext[uid=add3b8f5-dde9-46fd-b1f2-07e13d964ad1,javaHome=/Applications/Android Studio.app/Contents/jre/jdk/Contents/Home,daemonRegistryDir=/Users/shravantisunchu/Documents/Shravanti/Projects/Aza/azafashions/android/gradle/daemon,pid=78867,idleTimeout=10800000,priority=NORMAL,daemonOpts=-Xmx1536M,-Dfile.encoding=UTF-8,-Duser.country=IN,-Duser.language=en,-Duser.variant]
2021-03-04T00:09:36.681+0530 [DEBUG] [org.gradle.internal.remote.internal.inet.InetAddresses] Adding IP addresses for network interface utun1
2021-03-04T00:09:36.681+0530 [DEBUG] [org.gradle.internal.remote.internal.inet.InetAddresses] Is this a loopback interface? false
2021-03-04T00:09:36.682+0530 [DEBUG] [org.gradle.internal.remote.internal.inet.InetAddresses] Adding remote address /fe80:0:0:0:85b9:af21:decb:ceb4%utun1
2021-03-04T00:09:36.682+0530 [DEBUG] [org.gradle.internal.remote.internal.inet.InetAddresses] Adding IP addresses for network interface utun0
2021-03-04T00:09:36.682+0530 [DEBUG] [org.gradle.internal.remote.internal.inet.InetAddresses] Is this a loopback interface? false
2021-03-04T00:09:36.684+0530 [DEBUG] [org.gradle.internal.remote.internal.inet.InetAddresses] Adding remote address /fe80:0:0:0:5850:609:b52b:6d95%utun0
2021-03-04T00:09:36.684+0530 [DEBUG] [org.gradle.internal.remote.internal.inet.InetAddresses] Adding IP addresses for network interface llw0
2021-03-04T00:09:36.685+0530 [DEBUG] [org.gradle.internal.remote.internal.inet.InetAddresses] Is this a loopback interface? false
2021-03-04T00:09:36.685+0530 [DEBUG] [org.gradle.internal.remote.internal.inet.InetAddresses] Adding remote address /fe80:0:0:0:c91:2fff:fe84:833b%llw0
2021-03-04T00:09:36.685+0530 [DEBUG] [org.gradle.internal.remote.internal.inet.InetAddresses] Adding IP addresses for network interface awdl0
2021-03-04T00:09:36.685+0530 [DEBUG] [org.gradle.internal.remote.internal.inet.InetAddresses] Is this a loopback interface? false
2021-03-04T00:09:36.685+0530 [DEBUG] [org.gradle.internal.remote.internal.inet.InetAddresses] Adding remote address /fe80:0:0:0:c91:2fff:fe84:833b%awdl0
2021-03-04T00:09:36.686+0530 [DEBUG] [org.gradle.internal.remote.internal.inet.InetAddresses] Adding IP addresses for network interface en3
2021-03-04T00:09:36.686+0530 [DEBUG] [org.gradle.internal.remote.internal.inet.InetAddresses] Is this a loopback interface? false
2021-03-04T00:09:36.686+0530 [DEBUG] [org.gradle.internal.remote.internal.inet.InetAddresses] Adding remote address /fe80:0:0:0:aede:48ff:fe00:1122%en3
2021-03-04T00:09:36.686+0530 [DEBUG] [org.gradle.internal.remote.internal.inet.InetAddresses] Adding IP addresses for network interface en0
2021-03-04T00:09:36.686+0530 [DEBUG] [org.gradle.internal.remote.internal.inet.InetAddresses] Is this a loopback interface? false
2021-03-04T00:09:36.687+0530 [DEBUG] [org.gradle.internal.remote.internal.inet.InetAddresses] Adding remote address /fe80:0:0:0:1053:e6f3:8046:3bf9%en0
2021-03-04T00:09:36.687+0530 [DEBUG] [org.gradle.internal.remote.internal.inet.InetAddresses] Adding remote address /192.168.0.105
2021-03-04T00:09:36.687+0530 [DEBUG] [org.gradle.internal.remote.internal.inet.InetAddresses] Adding IP addresses for network interface lo0
2021-03-04T00:09:36.687+0530 [DEBUG] [org.gradle.internal.remote.internal.inet.InetAddresses] Is this a loopback interface? true
2021-03-04T00:09:36.687+0530 [DEBUG] [org.gradle.internal.remote.internal.inet.InetAddresses] Ignoring remote address on loopback interface /fe80:0:0:0:0:0:0:1%lo0
2021-03-04T00:09:36.688+0530 [DEBUG] [org.gradle.internal.remote.internal.inet.InetAddresses] Adding loopback address /0:0:0:0:0:0:0:1%lo0
2021-03-04T00:09:36.688+0530 [DEBUG] [org.gradle.internal.remote.internal.inet.InetAddresses] Adding loopback address /127.0.0.1
2021-03-04T00:09:36.691+0530 [DEBUG] [org.gradle.internal.remote.internal.inet.TcpIncomingConnector] Listening on [fddbe8ef-1e03-496e-88ea-4852bd122f4e port:51765, addresses:[localhost/127.0.0.1]].
2021-03-04T00:09:36.694+0530 [DEBUG] [org.gradle.launcher.daemon.server.Daemon] Daemon starting at: Thu Mar 04 00:09:36 IST 2021, with address: [fddbe8ef-1e03-496e-88ea-4852bd122f4e port:51765, addresses:[localhost/127.0.0.1]]
2021-03-04T00:09:36.694+0530 [INFO] [org.gradle.launcher.daemon.server.DaemonRegistryUpdater] Advertising the daemon address to the clients: [fddbe8ef-1e03-496e-88ea-4852bd122f4e port:51765, addresses:[localhost/127.0.0.1]]
2021-03-04T00:09:36.695+0530 [DEBUG] [org.gradle.launcher.daemon.server.DaemonRegistryUpdater] Advertised daemon context: DefaultDaemonContext[uid=add3b8f5-dde9-46fd-b1f2-07e13d964ad1,javaHome=/Applications/Android Studio.app/Contents/jre/jdk/Contents/Home,daemonRegistryDir=/Users/shravantisunchu/Documents/Shravanti/Projects/Aza/azafashions/android/gradle/daemon,pid=78867,idleTimeout=10800000,priority=NORMAL,daemonOpts=-Xmx1536M,-Dfile.encoding=UTF-8,-Duser.country=IN,-Duser.language=en,-Duser.variant]
2021-03-04T00:09:36.695+0530 [DEBUG] [org.gradle.launcher.daemon.registry.PersistentDaemonRegistry] Storing daemon address: [fddbe8ef-1e03-496e-88ea-4852bd122f4e port:51765, addresses:[localhost/127.0.0.1]], context: DefaultDaemonContext[uid=add3b8f5-dde9-46fd-b1f2-07e13d964ad1,javaHome=/Applications/Android Studio.app/Contents/jre/jdk/Contents/Home,daemonRegistryDir=/Users/shravantisunchu/Documents/Shravanti/Projects/Aza/azafashions/android/gradle/daemon,pid=78867,idleTimeout=10800000,priority=NORMAL,daemonOpts=-Xmx1536M,-Dfile.encoding=UTF-8,-Duser.country=IN,-Duser.language=en,-Duser.variant]
2021-03-04T00:09:36.702+0530 [DEBUG] [org.gradle.cache.internal.DefaultFileLockManager] Waiting to acquire exclusive lock on daemon addresses registry.
2021-03-04T00:09:36.704+0530 [DEBUG] [org.gradle.cache.internal.DefaultFileLockManager] Lock acquired on daemon addresses registry.
2021-03-04T00:09:36.707+0530 [DEBUG] [org.gradle.cache.internal.DefaultFileLockManager] Releasing lock on daemon addresses registry.
2021-03-04T00:09:36.708+0530 [LIFECYCLE] [org.gradle.launcher.daemon.server.Daemon] Daemon server started.
2021-03-04T00:09:36.709+0530 [DEBUG] [org.gradle.launcher.daemon.bootstrap.DaemonStartupCommunication] Completed writing the daemon greeting. Closing streams...
2021-03-04T00:09:36.712+0530 [DEBUG] [org.gradle.launcher.daemon.server.Daemon] stopOnExpiration() called on daemon
2021-03-04T00:09:36.713+0530 [DEBUG] [org.gradle.launcher.daemon.server.Daemon] awaitExpiration() called on daemon
2021-03-04T00:09:36.713+0530 [DEBUG] [org.gradle.launcher.daemon.server.DaemonStateCoordinator] daemon is running. Sleeping until state changes.
2021-03-04T00:09:36.720+0530 [DEBUG] [org.gradle.internal.remote.internal.inet.TcpIncomingConnector] Accepted connection from /127.0.0.1:51766 to /127.0.0.1:51765.
2021-03-04T00:09:36.786+0530 [DEBUG] [org.gradle.launcher.daemon.server.SynchronizedDispatchConnection] thread 17: received class org.gradle.launcher.daemon.protocol.Build
2021-03-04T00:09:36.787+0530 [DEBUG] [org.gradle.launcher.daemon.server.DefaultDaemonConnection] thread 17: Received non-IO message from client: Build{id=fefaa971-c57a-47fe-a88d-d27169d9b017, currentDir=/Users/shravantisunchu/Documents/Shravanti/Projects/Aza/azafashions/android}
2021-03-04T00:09:36.787+0530 [INFO] [org.gradle.launcher.daemon.server.DefaultIncomingConnectionHandler] Received command: Build{id=fefaa971-c57a-47fe-a88d-d27169d9b017, currentDir=/Users/shravantisunchu/Documents/Shravanti/Projects/Aza/azafashions/android}.
2021-03-04T00:09:36.787+0530 [DEBUG] [org.gradle.launcher.daemon.server.DefaultIncomingConnectionHandler] Starting executing command: Build{id=fefaa971-c57a-47fe-a88d-d27169d9b017, currentDir=/Users/shravantisunchu/Documents/Shravanti/Projects/Aza/azafashions/android} with connection: socket connection from /127.0.0.1:51765 to /127.0.0.1:51766.
2021-03-04T00:09:36.789+0530 [ERROR] [org.gradle.launcher.daemon.server.DaemonStateCoordinator] Command execution: started DaemonCommandExecution[command = Build{id=fefaa971-c57a-47fe-a88d-d27169d9b017, currentDir=/Users/shravantisunchu/Documents/Shravanti/Projects/Aza/azafashions/android}, connection = DefaultDaemonConnection: socket connection from /127.0.0.1:51765 to /127.0.0.1:51766] after 0.0 minutes of idle
2021-03-04T00:09:36.790+0530 [INFO] [org.gradle.launcher.daemon.server.DaemonRegistryUpdater] Marking the daemon as busy, address: [fddbe8ef-1e03-496e-88ea-4852bd122f4e port:51765, addresses:[localhost/127.0.0.1]]
2021-03-04T00:09:36.790+0530 [DEBUG] [org.gradle.launcher.daemon.registry.PersistentDaemonRegistry] Marking busy by address: [fddbe8ef-1e03-496e-88ea-4852bd122f4e port:51765, addresses:[localhost/127.0.0.1]]
2021-03-04T00:09:36.790+0530 [DEBUG] [org.gradle.cache.internal.DefaultFileLockManager] Waiting to acquire exclusive lock on daemon addresses registry.
2021-03-04T00:09:36.791+0530 [DEBUG] [org.gradle.cache.internal.DefaultFileLockManager] Lock acquired on daemon addresses registry.
2021-03-04T00:09:36.792+0530 [DEBUG] [org.gradle.cache.internal.DefaultFileLockManager] Releasing lock on daemon addresses registry.
2021-03-04T00:09:36.792+0530 [DEBUG] [org.gradle.launcher.daemon.server.DaemonStateCoordinator] resetting idle timer
2021-03-04T00:09:36.792+0530 [DEBUG] [org.gradle.launcher.daemon.server.DaemonStateCoordinator] daemon is running. Sleeping until state changes.
2021-03-04T00:09:36.793+0530 [INFO] [org.gradle.launcher.daemon.server.exec.StartBuildOrRespondWithBusy] Daemon is about to start building Build{id=fefaa971-c57a-47fe-a88d-d27169d9b017, currentDir=/Users/shravantisunchu/Documents/Shravanti/Projects/Aza/azafashions/android}. Dispatching build started information...
2021-03-04T00:09:36.793+0530 [DEBUG] [org.gradle.launcher.daemon.server.SynchronizedDispatchConnection] thread 19: dispatching org.gradle.launcher.daemon.protocol.BuildStarted@3b92f5f0
2021-03-04T00:09:36.795+0530 [DEBUG] [org.gradle.launcher.daemon.server.exec.EstablishBuildEnvironment] Configuring env variables: {IRBRC=/Users/shravantisunchu/.rvm/rubies/ruby-2.7.2/.irbrc, PATH=/Users/shravantisunchu/.rvm/gems/ruby-2.7.2/bin:/Users/shravantisunchu/.rvm/gems/ruby-2.7.2@global/bin:/Users/shravantisunchu/.rvm/rubies/ruby-2.7.2/bin:/Users/shravantisunchu/opt/anaconda3/bin:/Users/shravantisunchu/opt/anaconda3/condabin:/usr/local/bin:/usr/bin:/bin:/usr/sbin:/sbin:/Library/Apple/usr/bin:/Users/shravantisunchu/Library/Android/sdk/emulator:/Users/shravantisunchu/Library/Android/sdk/tools:/Users/shravantisunchu/Library/Android/sdk/tools/bin:/Users/shravantisunchu/Library/Android/sdk/platform-tool:/Users/shravantisunchu/Documents/Shravanti/flutter/bin:/Users/shravantisunchu/.rvm/bin, rvm_bin_path=/Users/shravantisunchu/.rvm/bin, CONDA_DEFAULT_ENV=base, CONDA_EXE=/Users/shravantisunchu/opt/anaconda3/bin/conda, CONDA_PYTHON_EXE=/Users/shravantisunchu/opt/anaconda3/bin/python, rvm_prefix=/Users/shravantisunchu, ANDROID_HOME=/Users/shravantisunchu/Library/Android/sdk, COMMAND_MODE=unix2003, CONDA_PREFIX=/Users/shravantisunchu/opt/anaconda3, _CE_M=, LOGNAME=shravantisunchu, rvm_version=1.29.12 (latest), XPC_SERVICE_NAME=application.com.google.android.studio.12021590.17524414, CONDA_SHLVL=1, __CFBundleIdentifier=com.google.android.studio, SHELL=/bin/zsh, MY_RUBY_HOME=/Users/shravantisunchu/.rvm/rubies/ruby-2.7.2, OLDPWD=/, USER=shravantisunchu, GEM_HOME=/Users/shravantisunchu/.rvm/gems/ruby-2.7.2, rvm_path=/Users/shravantisunchu/.rvm, TMPDIR=/var/folders/ww/9d09dy0559l8sm4yvbr7jq_c0000gn/T/, SSH_AUTH_SOCK=/private/tmp/com.apple.launchd.79lOetnh0z/Listeners, _CE_CONDA=, RUBY_VERSION=ruby-2.7.2, GEM_PATH=/Users/shravantisunchu/.rvm/gems/ruby-2.7.2:/Users/shravantisunchu/.rvm/gems/ruby-2.7.2@global, XPC_FLAGS=0x0, __CF_USER_TEXT_ENCODING=0x1F5:0x0:0x0, CONDA_PROMPT_MODIFIER=(base) , LC_CTYPE=UTF-8, HOME=/Users/shravantisunchu}
2021-03-04T00:09:36.798+0530 [DEBUG] [org.gradle.launcher.daemon.server.SynchronizedDispatchConnection] thread 17: received class org.gradle.launcher.daemon.protocol.CloseInput
2021-03-04T00:09:36.798+0530 [DEBUG] [org.gradle.launcher.daemon.server.DefaultDaemonConnection] thread 17: Received IO message from client: org.gradle.launcher.daemon.protocol.CloseInput@7d6dbab2
2021-03-04T00:09:36.798+0530 [DEBUG] [org.gradle.launcher.daemon.server.exec.LogToClient] About to start relaying all logs to the client via the connection.
2021-03-04T00:09:36.798+0530 [INFO] [org.gradle.launcher.daemon.server.exec.LogToClient] The client will now receive all logging from the daemon (pid: 78867). The daemon log file: /Users/shravantisunchu/Documents/Shravanti/Projects/Aza/azafashions/android/gradle/daemon/6.5/daemon-78867.out.log
2021-03-04T00:09:36.799+0530 [INFO] [org.gradle.launcher.daemon.server.exec.LogAndCheckHealth] Starting build in new daemon [memory: 1.4 GB]
2021-03-04T00:09:36.800+0530 [INFO] [org.gradle.launcher.daemon.server.exec.ForwardClientInput] Closing daemon's stdin at end of input.
2021-03-04T00:09:36.800+0530 [INFO] [org.gradle.launcher.daemon.server.exec.ForwardClientInput] The daemon will no longer process any standard input.
2021-03-04T00:09:36.804+0530 [DEBUG] [org.gradle.launcher.daemon.server.exec.ExecuteBuild] The daemon has started executing the build.
2021-03-04T00:09:36.804+0530 [DEBUG] [org.gradle.launcher.daemon.server.exec.ExecuteBuild] Executing build with daemon context: DefaultDaemonContext[uid=add3b8f5-dde9-46fd-b1f2-07e13d964ad1,javaHome=/Applications/Android Studio.app/Contents/jre/jdk/Contents/Home,daemonRegistryDir=/Users/shravantisunchu/Documents/Shravanti/Projects/Aza/azafashions/android/gradle/daemon,pid=78867,idleTimeout=10800000,priority=NORMAL,daemonOpts=-Xmx1536M,-Dfile.encoding=UTF-8,-Duser.country=IN,-Duser.language=en,-Duser.variant]
Plugin project :firebase_core_web not found. Please update settings.gradle.
Plugin project :location_web not found. Please update settings.gradle.
Plugin project :firebase_auth_web not found. Please update settings.gradle.
WARNING: [Processor] Library '/Users/shravantisunchu/Documents/Shravanti/Projects/Aza/azafashions/android/gradle/caches/modules-2/files-2.1/org.robolectric/shadows-framework/4.3/150103d5732c432906f6130b734e7452855dd67b/shadows-framework-4.3.jar' contains references to both AndroidX and old support library. This seems like the library is partially migrated. Jetifier will try to rewrite the library anyway.
 Example of androidX reference: 'androidx/test/runner/lifecycle/Stage'
 Example of support library reference: 'android/support/annotation/NonNull'

Deprecated Gradle features were used in this build, making it incompatible with Gradle 7.0.
Use '--warning-mode all' to show the individual deprecation warnings.
See https://docs.gradle.org/6.5/userguide/command_line_interface.html#sec:command_line_warnings

BUILD SUCCESSFUL in 10m 30s
2021-03-04T00:20:04.714+0530 [DEBUG] [org.gradle.launcher.daemon.server.exec.ExecuteBuild] The daemon has finished executing the build.
2021-03-04T00:20:04.727+0530 [DEBUG] [org.gradle.launcher.daemon.server.DaemonStateCoordinator] daemon is running. Sleeping until state changes.
2021-03-04T00:20:04.728+0530 [DEBUG] [org.gradle.launcher.daemon.server.DaemonStateCoordinator] Command execution: finished waiting for DaemonCommandExecution[command = Build{id=fefaa971-c57a-47fe-a88d-d27169d9b017, currentDir=/Users/shravantisunchu/Documents/Shravanti/Projects/Aza/azafashions/android}, connection = DefaultDaemonConnection: socket connection from /127.0.0.1:51765 to /127.0.0.1:51766]. Result org.gradle.launcher.daemon.server.DaemonStateCoordinator@5c3d37ac with state Busy
2021-03-04T00:20:04.728+0530 [DEBUG] [org.gradle.launcher.daemon.server.DaemonStateCoordinator] Command execution: completed DaemonCommandExecution[command = Build{id=fefaa971-c57a-47fe-a88d-d27169d9b017, currentDir=/Users/shravantisunchu/Documents/Shravanti/Projects/Aza/azafashions/android}, connection = DefaultDaemonConnection: socket connection from /127.0.0.1:51765 to /127.0.0.1:51766]
2021-03-04T00:20:04.728+0530 [DEBUG] [org.gradle.launcher.daemon.server.DaemonStateCoordinator] resetting idle timer
2021-03-04T00:20:04.728+0530 [INFO] [org.gradle.launcher.daemon.server.DaemonRegistryUpdater] Marking the daemon as idle, address: [fddbe8ef-1e03-496e-88ea-4852bd122f4e port:51765, addresses:[localhost/127.0.0.1]]
2021-03-04T00:20:04.729+0530 [DEBUG] [org.gradle.launcher.daemon.registry.PersistentDaemonRegistry] Marking busy by address: [fddbe8ef-1e03-496e-88ea-4852bd122f4e port:51765, addresses:[localhost/127.0.0.1]]
2021-03-04T00:20:04.729+0530 [DEBUG] [org.gradle.cache.internal.DefaultFileLockManager] Waiting to acquire exclusive lock on daemon addresses registry.
2021-03-04T00:20:04.729+0530 [DEBUG] [org.gradle.cache.internal.DefaultFileLockManager] Lock acquired on daemon addresses registry.
2021-03-04T00:20:04.730+0530 [DEBUG] [org.gradle.cache.internal.DefaultFileLockManager] Releasing lock on daemon addresses registry.
2021-03-04T00:20:04.730+0530 [DEBUG] [org.gradle.launcher.daemon.server.DaemonStateCoordinator] daemon is running. Sleeping until state changes.
2021-03-04T00:20:04.731+0530 [DEBUG] [org.gradle.launcher.daemon.server.exec.ReturnResult] Daemon is dispatching the build result: Success[value=org.gradle.launcher.exec.BuildActionResult@7f72e651]
2021-03-04T00:20:04.731+0530 [DEBUG] [org.gradle.launcher.daemon.server.SynchronizedDispatchConnection] thread 16: dispatching Success[value=org.gradle.launcher.exec.BuildActionResult@7f72e651]
2021-03-04T00:20:04.733+0530 [DEBUG] [org.gradle.launcher.daemon.server.DefaultIncomingConnectionHandler] Finishing executing command: Build{id=fefaa971-c57a-47fe-a88d-d27169d9b017, currentDir=/Users/shravantisunchu/Documents/Shravanti/Projects/Aza/azafashions/android}
2021-03-04T00:20:05.131+0530 [DEBUG] [org.gradle.launcher.daemon.server.SynchronizedDispatchConnection] thread 17: received class org.gradle.launcher.daemon.protocol.Finished
2021-03-04T00:20:05.132+0530 [DEBUG] [org.gradle.launcher.daemon.server.DefaultDaemonConnection] thread 17: Received non-IO message from client: org.gradle.launcher.daemon.protocol.Finished@1824d8fd
2021-03-04T00:20:05.132+0530 [DEBUG] [org.gradle.launcher.daemon.server.DefaultIncomingConnectionHandler] Received finished message: org.gradle.launcher.daemon.protocol.Finished@1824d8fd
2021-03-04T00:20:05.132+0530 [DEBUG] [org.gradle.launcher.daemon.server.SynchronizedDispatchConnection] thread 16: stopping connection
2021-03-04T00:20:05.134+0530 [DEBUG] [org.gradle.internal.remote.internal.inet.SocketConnection] Discarding EOFException: java.io.EOFException
2021-03-04T00:20:05.134+0530 [DEBUG] [org.gradle.launcher.daemon.server.SynchronizedDispatchConnection] thread 17: received null
2021-03-04T00:20:05.134+0530 [DEBUG] [org.gradle.launcher.daemon.server.DefaultDaemonConnection] thread 17: Received end-of-input from client.
2021-03-04T00:20:05.135+0530 [DEBUG] [org.gradle.launcher.daemon.server.SynchronizedDispatchConnection] thread 16: stopping connection
2021-03-04T00:20:06.751+0530 [DEBUG] [org.gradle.cache.internal.DefaultFileLockManager] Waiting to acquire shared lock on daemon addresses registry.
2021-03-04T00:20:06.751+0530 [DEBUG] [org.gradle.cache.internal.DefaultFileLockManager] Lock acquired on daemon addresses registry.
2021-03-04T00:20:06.752+0530 [DEBUG] [org.gradle.cache.internal.DefaultFileLockManager] Releasing lock on daemon addresses registry.
2021-03-04T00:20:06.752+0530 [DEBUG] [org.gradle.cache.internal.DefaultFileLockManager] Waiting to acquire shared lock on daemon addresses registry.
2021-03-04T00:20:06.752+0530 [DEBUG] [org.gradle.cache.internal.DefaultFileLockManager] Lock acquired on daemon addresses registry.
2021-03-04T00:20:06.753+0530 [DEBUG] [org.gradle.cache.internal.DefaultFileLockManager] Releasing lock on daemon addresses registry.
2021-03-04T00:20:16.752+0530 [DEBUG] [org.gradle.cache.internal.DefaultFileLockManager] Waiting to acquire shared lock on daemon addresses registry.
2021-03-04T00:20:16.753+0530 [DEBUG] [org.gradle.cache.internal.DefaultFileLockManager] Lock acquired on daemon addresses registry.
2021-03-04T00:20:16.753+0530 [DEBUG] [org.gradle.cache.internal.DefaultFileLockManager] Releasing lock on daemon addresses registry.
2021-03-04T00:20:16.753+0530 [DEBUG] [org.gradle.cache.internal.DefaultFileLockManager] Waiting to acquire shared lock on daemon addresses registry.
2021-03-04T00:20:16.753+0530 [DEBUG] [org.gradle.cache.internal.DefaultFileLockManager] Lock acquired on daemon addresses registry.
2021-03-04T00:20:16.754+0530 [DEBUG] [org.gradle.cache.internal.DefaultFileLockManager] Releasing lock on daemon addresses registry.
2021-03-04T00:20:16.754+0530 [DEBUG] [org.gradle.cache.internal.DefaultFileLockManager] Waiting to acquire shared lock on daemon addresses registry.
2021-03-04T00:20:16.754+0530 [DEBUG] [org.gradle.cache.internal.DefaultFileLockManager] Lock acquired on daemon addresses registry.
2021-03-04T00:20:16.754+0530 [DEBUG] [org.gradle.cache.internal.DefaultFileLockManager] Releasing lock on daemon addresses registry.
2021-03-04T00:20:26.754+0530 [DEBUG] [org.gradle.cache.internal.DefaultFileLockManager] Waiting to acquire shared lock on daemon addresses registry.
2021-03-04T00:20:26.757+0530 [DEBUG] [org.gradle.cache.internal.DefaultFileLockManager] Lock acquired on daemon addresses registry.
2021-03-04T00:20:26.759+0530 [DEBUG] [org.gradle.cache.internal.DefaultFileLockManager] Releasing lock on daemon addresses registry.
2021-03-04T00:20:26.760+0530 [DEBUG] [org.gradle.cache.internal.DefaultFileLockManager] Waiting to acquire shared lock on daemon addresses registry.
2021-03-04T00:20:26.760+0530 [DEBUG] [org.gradle.cache.internal.DefaultFileLockManager] Lock acquired on daemon addresses registry.
2021-03-04T00:20:26.776+0530 [DEBUG] [org.gradle.cache.internal.DefaultFileLockManager] Releasing lock on daemon addresses registry.
2021-03-04T00:20:26.776+0530 [DEBUG] [org.gradle.cache.internal.DefaultFileLockManager] Waiting to acquire shared lock on daemon addresses registry.
2021-03-04T00:20:26.777+0530 [DEBUG] [org.gradle.cache.internal.DefaultFileLockManager] Lock acquired on daemon addresses registry.
2021-03-04T00:20:26.777+0530 [DEBUG] [org.gradle.cache.internal.DefaultFileLockManager] Releasing lock on daemon addresses registry.
2021-03-04T00:20:36.760+0530 [DEBUG] [org.gradle.cache.internal.DefaultFileLockManager] Waiting to acquire shared lock on daemon addresses registry.
2021-03-04T00:20:36.762+0530 [DEBUG] [org.gradle.cache.internal.DefaultFileLockManager] Lock acquired on daemon addresses registry.
2021-03-04T00:20:36.763+0530 [DEBUG] [org.gradle.cache.internal.DefaultFileLockManager] Releasing lock on daemon addresses registry.
2021-03-04T00:20:36.765+0530 [DEBUG] [org.gradle.cache.internal.DefaultFileLockManager] Waiting to acquire shared lock on daemon addresses registry.
2021-03-04T00:20:36.765+0530 [DEBUG] [org.gradle.cache.internal.DefaultFileLockManager] Lock acquired on daemon addresses registry.
2021-03-04T00:20:36.765+0530 [DEBUG] [org.gradle.cache.internal.DefaultFileLockManager] Releasing lock on daemon addresses registry.
2021-03-04T00:20:36.766+0530 [DEBUG] [org.gradle.cache.internal.DefaultFileLockManager] Waiting to acquire shared lock on daemon addresses registry.
2021-03-04T00:20:36.766+0530 [DEBUG] [org.gradle.cache.internal.DefaultFileLockManager] Lock acquired on daemon addresses registry.
2021-03-04T00:20:36.766+0530 [DEBUG] [org.gradle.cache.internal.DefaultFileLockManager] Releasing lock on daemon addresses registry.
2021-03-04T00:20:42.207+0530 [DEBUG] [org.gradle.internal.remote.internal.inet.TcpIncomingConnector] Accepted connection from /127.0.0.1:52590 to /127.0.0.1:51765.
2021-03-04T00:20:42.224+0530 [DEBUG] [org.gradle.launcher.daemon.server.SynchronizedDispatchConnection] thread 190: received class org.gradle.launcher.daemon.protocol.Stop
2021-03-04T00:20:42.225+0530 [DEBUG] [org.gradle.launcher.daemon.server.DefaultDaemonConnection] thread 190: Received non-IO message from client: Stop[id=14b0aa12-97b9-4e6c-bb68-bf633c977c69]
2021-03-04T00:20:42.226+0530 [INFO] [org.gradle.launcher.daemon.server.DefaultIncomingConnectionHandler] Received command: Stop[id=14b0aa12-97b9-4e6c-bb68-bf633c977c69].
2021-03-04T00:20:42.226+0530 [DEBUG] [org.gradle.launcher.daemon.server.DefaultIncomingConnectionHandler] Starting executing command: Stop[id=14b0aa12-97b9-4e6c-bb68-bf633c977c69] with connection: socket connection from /127.0.0.1:51765 to /127.0.0.1:52590.
2021-03-04T00:20:42.227+0530 [DEBUG] [org.gradle.launcher.daemon.server.DaemonRegistryUpdater] Storing daemon stop event: stop command received
2021-03-04T00:20:42.239+0530 [DEBUG] [org.gradle.launcher.daemon.registry.PersistentDaemonRegistry] Storing daemon stop event with timestamp 1614797442228
2021-03-04T00:20:42.241+0530 [DEBUG] [org.gradle.cache.internal.DefaultFileLockManager] Waiting to acquire exclusive lock on daemon addresses registry.
2021-03-04T00:20:42.242+0530 [DEBUG] [org.gradle.cache.internal.DefaultFileLockManager] Lock acquired on daemon addresses registry.
2021-03-04T00:20:42.245+0530 [DEBUG] [org.gradle.cache.internal.DefaultFileLockManager] Releasing lock on daemon addresses registry.
2021-03-04T00:20:42.245+0530 [LIFECYCLE] [org.gradle.launcher.daemon.server.DaemonStateCoordinator] Daemon is stopping immediately stop command received
2021-03-04T00:20:42.245+0530 [DEBUG] [org.gradle.launcher.daemon.server.DaemonStateCoordinator] Marking daemon stopped due to stop command received. The daemon is running a build: false
2021-03-04T00:20:42.246+0530 [DEBUG] [org.gradle.launcher.daemon.server.SynchronizedDispatchConnection] thread 16: dispatching Success[value=null]
2021-03-04T00:20:42.246+0530 [DEBUG] [org.gradle.launcher.daemon.server.DaemonStateCoordinator] daemon has stopped.
2021-03-04T00:20:42.246+0530 [DEBUG] [org.gradle.launcher.daemon.server.Daemon] stop() called on daemon
2021-03-04T00:20:42.246+0530 [DEBUG] [org.gradle.launcher.daemon.server.DefaultIncomingConnectionHandler] Finishing executing command: Stop[id=14b0aa12-97b9-4e6c-bb68-bf633c977c69]
2021-03-04T00:20:42.246+0530 [INFO] [org.gradle.launcher.daemon.server.Daemon] Stop requested. Daemon is removing its presence from the registry...
2021-03-04T00:20:42.247+0530 [DEBUG] [org.gradle.launcher.daemon.server.SynchronizedDispatchConnection] thread 190: received class org.gradle.launcher.daemon.protocol.Finished
2021-03-04T00:20:42.247+0530 [DEBUG] [org.gradle.launcher.daemon.server.DefaultDaemonConnection] thread 190: Received non-IO message from client: org.gradle.launcher.daemon.protocol.Finished@533072e5
2021-03-04T00:20:42.247+0530 [DEBUG] [org.gradle.launcher.daemon.server.DefaultIncomingConnectionHandler] Received finished message: org.gradle.launcher.daemon.protocol.Finished@533072e5
2021-03-04T00:20:42.247+0530 [DEBUG] [org.gradle.launcher.daemon.server.DaemonRegistryUpdater] Removing our presence to clients, eg. removing this address from the registry: [fddbe8ef-1e03-496e-88ea-4852bd122f4e port:51765, addresses:[localhost/127.0.0.1]]
2021-03-04T00:20:42.247+0530 [DEBUG] [org.gradle.launcher.daemon.server.SynchronizedDispatchConnection] thread 16: stopping connection
2021-03-04T00:20:42.248+0530 [DEBUG] [org.gradle.internal.remote.internal.inet.SocketConnection] Discarding EOFException: java.io.EOFException
2021-03-04T00:20:42.247+0530 [DEBUG] [org.gradle.launcher.daemon.registry.PersistentDaemonRegistry] Removing daemon address: [fddbe8ef-1e03-496e-88ea-4852bd122f4e port:51765, addresses:[localhost/127.0.0.1]]
2021-03-04T00:20:42.248+0530 [DEBUG] [org.gradle.launcher.daemon.server.SynchronizedDispatchConnection] thread 190: received null
2021-03-04T00:20:42.249+0530 [DEBUG] [org.gradle.launcher.daemon.server.DefaultDaemonConnection] thread 190: Received end-of-input from client.
2021-03-04T00:20:42.250+0530 [DEBUG] [org.gradle.launcher.daemon.server.SynchronizedDispatchConnection] thread 16: stopping connection
2021-03-04T00:20:42.251+0530 [DEBUG] [org.gradle.cache.internal.DefaultFileLockManager] Waiting to acquire exclusive lock on daemon addresses registry.
2021-03-04T00:20:42.252+0530 [DEBUG] [org.gradle.cache.internal.DefaultFileLockManager] Lock acquired on daemon addresses registry.
2021-03-04T00:20:42.253+0530 [DEBUG] [org.gradle.cache.internal.DefaultFileLockManager] Releasing lock on daemon addresses registry.
2021-03-04T00:20:42.254+0530 [DEBUG] [org.gradle.launcher.daemon.server.DaemonRegistryUpdater] Address removed from registry.
2021-03-04T00:20:42.259+0530 [DEBUG] [org.gradle.cache.internal.LockOnDemandCrossProcessCacheAccess] Releasing file lock for jars (/Users/shravantisunchu/Documents/Shravanti/Projects/Aza/azafashions/android/gradle/caches/jars-8)
2021-03-04T00:20:42.259+0530 [DEBUG] [org.gradle.cache.internal.DefaultFileLockManager] Releasing lock on jars (/Users/shravantisunchu/Documents/Shravanti/Projects/Aza/azafashions/android/gradle/caches/jars-8).
2021-03-04T00:20:42.372+0530 [DEBUG] [org.gradle.cache.internal.LockOnDemandCrossProcessCacheAccess] Releasing file lock for file content cache (/Users/shravantisunchu/Documents/Shravanti/Projects/Aza/azafashions/android/gradle/caches/6.5/fileContent)
2021-03-04T00:20:42.372+0530 [DEBUG] [org.gradle.cache.internal.DefaultFileLockManager] Releasing lock on file content cache (/Users/shravantisunchu/Documents/Shravanti/Projects/Aza/azafashions/android/gradle/caches/6.5/fileContent).
2021-03-04T00:20:42.377+0530 [DEBUG] [org.gradle.cache.internal.LockOnDemandCrossProcessCacheAccess] Releasing file lock for Artifact transforms cache (/Users/shravantisunchu/Documents/Shravanti/Projects/Aza/azafashions/android/gradle/caches/transforms-2)
2021-03-04T00:20:42.377+0530 [DEBUG] [org.gradle.cache.internal.DefaultFileLockManager] Releasing lock on Artifact transforms cache (/Users/shravantisunchu/Documents/Shravanti/Projects/Aza/azafashions/android/gradle/caches/transforms-2).
2021-03-04T00:20:42.379+0530 [DEBUG] [org.gradle.cache.internal.LockOnDemandCrossProcessCacheAccess] Releasing file lock for artifact cache (/Users/shravantisunchu/Documents/Shravanti/Projects/Aza/azafashions/android/gradle/caches/modules-2)
2021-03-04T00:20:42.380+0530 [DEBUG] [org.gradle.cache.internal.btree.BTreePersistentIndexedCache] Closing cache module-artifacts.bin (/Users/shravantisunchu/Documents/Shravanti/Projects/Aza/azafashions/android/gradle/caches/modules-2/metadata-2.96/module-artifacts.bin)
2021-03-04T00:20:42.381+0530 [DEBUG] [org.gradle.cache.internal.btree.BTreePersistentIndexedCache] Closing cache module-metadata.bin (/Users/shravantisunchu/Documents/Shravanti/Projects/Aza/azafashions/android/gradle/caches/modules-2/metadata-2.96/module-metadata.bin)
2021-03-04T00:20:42.382+0530 [DEBUG] [org.gradle.cache.internal.btree.BTreePersistentIndexedCache] Closing cache module-artifact.bin (/Users/shravantisunchu/Documents/Shravanti/Projects/Aza/azafashions/android/gradle/caches/modules-2/metadata-2.96/module-artifact.bin)
2021-03-04T00:20:42.383+0530 [DEBUG] [org.gradle.cache.internal.btree.BTreePersistentIndexedCache] Closing cache resource-at-url.bin (/Users/shravantisunchu/Documents/Shravanti/Projects/Aza/azafashions/android/gradle/caches/modules-2/metadata-2.96/resource-at-url.bin)
2021-03-04T00:20:42.383+0530 [DEBUG] [org.gradle.cache.internal.btree.BTreePersistentIndexedCache] Closing cache module-versions.bin (/Users/shravantisunchu/Documents/Shravanti/Projects/Aza/azafashions/android/gradle/caches/modules-2/metadata-2.96/module-versions.bin)
2021-03-04T00:20:42.384+0530 [DEBUG] [org.gradle.cache.internal.DefaultFileLockManager] Releasing lock on artifact cache (/Users/shravantisunchu/Documents/Shravanti/Projects/Aza/azafashions/android/gradle/caches/modules-2).
2021-03-04T00:20:42.385+0530 [DEBUG] [org.gradle.cache.internal.DefaultCacheAccess] Cache Generated Gradle JARs cache (/Users/shravantisunchu/Documents/Shravanti/Projects/Aza/azafashions/android/gradle/caches/6.5/generated-gradle-jars) was closed 0 times.
2021-03-04T00:20:42.386+0530 [DEBUG] [org.gradle.cache.internal.LockOnDemandCrossProcessCacheAccess] Releasing file lock for journal cache (/Users/shravantisunchu/Documents/Shravanti/Projects/Aza/azafashions/android/gradle/caches/journal-1)
2021-03-04T00:20:42.386+0530 [DEBUG] [org.gradle.cache.internal.btree.BTreePersistentIndexedCache] Closing cache file-access.bin (/Users/shravantisunchu/Documents/Shravanti/Projects/Aza/azafashions/android/gradle/caches/journal-1/file-access.bin)
2021-03-04T00:20:42.387+0530 [DEBUG] [org.gradle.cache.internal.DefaultFileLockManager] Releasing lock on journal cache (/Users/shravantisunchu/Documents/Shravanti/Projects/Aza/azafashions/android/gradle/caches/journal-1).
2021-03-04T00:20:42.388+0530 [DEBUG] [org.gradle.cache.internal.LockOnDemandCrossProcessCacheAccess] Releasing file lock for file hash cache (/Users/shravantisunchu/Documents/Shravanti/Projects/Aza/azafashions/android/gradle/caches/6.5/fileHashes)
2021-03-04T00:20:42.389+0530 [DEBUG] [org.gradle.cache.internal.btree.BTreePersistentIndexedCache] Closing cache fileHashes.bin (/Users/shravantisunchu/Documents/Shravanti/Projects/Aza/azafashions/android/gradle/caches/6.5/fileHashes/fileHashes.bin)
2021-03-04T00:20:42.389+0530 [DEBUG] [org.gradle.cache.internal.btree.BTreePersistentIndexedCache] Closing cache resourceHashesCache.bin (/Users/shravantisunchu/Documents/Shravanti/Projects/Aza/azafashions/android/gradle/caches/6.5/fileHashes/resourceHashesCache.bin)
2021-03-04T00:20:42.389+0530 [DEBUG] [org.gradle.cache.internal.DefaultFileLockManager] Releasing lock on file hash cache (/Users/shravantisunchu/Documents/Shravanti/Projects/Aza/azafashions/android/gradle/caches/6.5/fileHashes).
2021-03-04T00:20:42.390+0530 [DEBUG] [org.gradle.cache.internal.LockOnDemandCrossProcessCacheAccess] Releasing file lock for execution history cache (/Users/shravantisunchu/Documents/Shravanti/Projects/Aza/azafashions/android/gradle/caches/6.5/executionHistory)
2021-03-04T00:20:42.391+0530 [DEBUG] [org.gradle.cache.internal.btree.BTreePersistentIndexedCache] Closing cache executionHistory.bin (/Users/shravantisunchu/Documents/Shravanti/Projects/Aza/azafashions/android/gradle/caches/6.5/executionHistory/executionHistory.bin)
2021-03-04T00:20:42.391+0530 [DEBUG] [org.gradle.cache.internal.DefaultFileLockManager] Releasing lock on execution history cache (/Users/shravantisunchu/Documents/Shravanti/Projects/Aza/azafashions/android/gradle/caches/6.5/executionHistory).
2021-03-04T00:20:42.445+0530 [DEBUG] [org.gradle.cache.internal.VersionSpecificCacheCleanupAction] Processed version-specific caches at /Users/shravantisunchu/Documents/Shravanti/Projects/Aza/azafashions/android/gradle/caches for cleanup in 0.052 secs
2021-03-04T00:20:42.457+0530 [DEBUG] [org.gradle.launcher.daemon.registry.PersistentDaemonRegistry] Removing daemon address: [fddbe8ef-1e03-496e-88ea-4852bd122f4e port:51765, addresses:[localhost/127.0.0.1]]
Daemon vm is shutting down... The daemon has exited normally or was terminated in response to a user interrupt.
2021-03-04T00:20:42.457+0530 [DEBUG] [org.gradle.cache.internal.DefaultFileLockManager] Waiting to acquire exclusive lock on daemon addresses registry.
2021-03-04T00:20:42.457+0530 [DEBUG] [org.gradle.cache.internal.DefaultFileLockManager] Lock acquired on daemon addresses registry.
2021-03-04T00:20:42.458+0530 [DEBUG] [org.gradle.cache.internal.DefaultFileLockManager] Releasing lock on daemon addresses registry.
